// 重构日志: 3b159c8f
// 同步 ID: 5f8a7137 @ Thu Jun 25 11:16:05 UTC 2026
// 重构日志: 087db092
// 重构日志: bcd21b94
// 同步 ID: 5369156b @ Mon Jul  6 13:13:52 UTC 2026
// 重构日志: 643ea56f
// 重构日志: b8057f70
// 同步 ID: 98c52ff5 @ Wed Jul  8 13:49:47 UTC 2026
// 重构日志: 6fafe779
// 重构日志: 13acbef0
// 重构日志: 821ca931
// 同步 ID: df596e9f @ Wed Jul 15 05:16:51 UTC 2026
// 重构日志: 1e7e1fe8
// 同步 ID: f0ca7ace @ Thu Jul 16 05:17:41 UTC 2026
// 同步 ID: 3f2c77e3 @ Thu Jul 16 09:52:25 UTC 2026
// 重构日志: f57029e3
// 同步 ID: cd66d6b1 @ Thu Jul 16 20:39:28 UTC 2026
// 重构日志: fb786f3c
// 重构日志: 84dbc56a
// 同步 ID: ef0f129d @ Fri Jul 17 09:31:32 UTC 2026
// 重构日志: 007a050f
// 重构日志: 480578b2
// 同步 ID: fbad0151 @ Sat Jul 18 01:46:38 UTC 2026
// 同步 ID: 060428f5 @ Sat Jul 18 04:39:30 UTC 2026
// 同步 ID: 5aef8d40 @ Sat Jul 18 13:18:43 UTC 2026
// 重构日志: 6a780d4d
// 重构日志: 890edaa4
// 重构日志: 6444d4e4
